<?xml version="1.0" encoding="UTF-8"?>
<testng-results skipped="0" failed="0" ignored="0" total="1" passed="1">
  <reporter-output>
  </reporter-output>
  <suite name="userDetailsSF" duration-ms="18251" started-at="2020-06-10T14:28:18 IST" finished-at="2020-06-10T14:28:37 IST">
    <groups>
    </groups>
    <test name="bvtSuit" duration-ms="18251" started-at="2020-06-10T14:28:18 IST" finished-at="2020-06-10T14:28:37 IST">
      <class name="tests.LoginTest">
        <test-method status="PASS" signature="setUp()[pri:0, instance:tests.LoginTest@4e9ba398]" name="setUp" is-config="true" duration-ms="13562" started-at="2020-06-10T14:28:18 IST" finished-at="2020-06-10T14:28:32 IST">
          <reporter-output>
          </reporter-output>
        </test-method> <!-- setUp -->
        <test-method status="PASS" signature="loginTest()[pri:0, instance:tests.LoginTest@4e9ba398]" name="loginTest" duration-ms="2866" started-at="2020-06-10T14:28:32 IST" finished-at="2020-06-10T14:28:35 IST">
          <reporter-output>
          </reporter-output>
        </test-method> <!-- loginTest -->
        <test-method status="PASS" signature="postCondition()[pri:0, instance:tests.LoginTest@4e9ba398]" name="postCondition" is-config="true" duration-ms="1773" started-at="2020-06-10T14:28:35 IST" finished-at="2020-06-10T14:28:37 IST">
          <reporter-output>
          </reporter-output>
        </test-method> <!-- postCondition -->
      </class> <!-- tests.LoginTest -->
    </test> <!-- bvtSuit -->
  </suite> <!-- userDetailsSF -->
</testng-results>
